0000000000000256
1110110000010000
0000000000000000
1110001100001000
0000000000000133
1110101010000111
0000000000000015
1110001100001000
0000000000000000
1111110010101000
1111110000010000
1110110010100000
1111000111010000
1110101010001000
0000000000000016
1110001100000101
0000000000000000
1111110010100000
1110111010001000
0000000000000015
1111110000100000
1110101010000111
0000000000000015
1110001100001000
0000000000000000
1111110010101000
1111110000010000
1110110010100000
1111000111010000
1110101010001000
0000000000000017
1110001100000110
0000000000000000
1111110010100000
1110111010001000
0000000000000015
1111110000100000
1110101010000111
0000000000000015
1110001100001000
0000000000000000
1111110010101000
1111110000010000
1110110010100000
1111000111010000
1110101010001000
0000000000000018
1110001100000011
0000000000000000
1111110010100000
1110111010001000
0000000000000015
1111110000100000
1110101010000111
0000000000000005
1110110000010000
0000000000000001
1111000111100000
1111110000010000
0000000000000013
1110001100001000
0000000000000000
1111110010101000
1111110000010000
0000000000000002
1111110000100000
1110001100001000
1110110000010000
0000000000000000
1110011111001000
0000000000000001
1111110000010000
0000000000000014
1110001110101000
1111110000010000
0000000000000004
1110001100001000
0000000000000014
1111110010101000
1111110000010000
0000000000000003
1110001100001000
0000000000000014
1111110010101000
1111110000010000
0000000000000002
1110001100001000
0000000000000014
1111110010101000
1111110000010000
0000000000000001
1110001100001000
0000000000000013
1111110000100000
1110101010000111
0000000000000000
1111110000100000
1110001100001000
0000000000000001
1111110000010000
0000000000000000
1111110111101000
1110001100001000
0000000000000002
1111110000010000
0000000000000000
1111110111101000
1110001100001000
0000000000000003
1111110000010000
0000000000000000
1111110111101000
1110001100001000
0000000000000004
1111110000010000
0000000000000000
1111110111101000
1110001100001000
0000000000000004
1110110000010000
0000000000000013
1111000010010000
0000000000000000
1111000111010000
0000000000000002
1110001100001000
0000000000000000
1111110111011000
0000000000000001
1110001100001000
0000000000000014
1111110000100000
1110101010000111
0000000000000000
1110110000010000
0000000000000013
1110001100001000
0000000000000868
1110110000010000
0000000000000014
1110001100001000
0000000000000019
1110110000010000
0000000000000095
1110101010000111
0000000000000015
1110110000010000
0000000000000000
1111110111101000
1110110010100000
1110001100001000
0000000000000001
1110110000010000
0000000000000013
1110001100001000
0000000000000394
1110110000010000
0000000000000014
1110001100001000
0000000000000021
1110110000010000
0000000000000095
1110101010000111
0000000000000000
1111110010101000
1111110000010000
0000000000000003
1110001100001000
0000000000000002
1111110000100000
1111110000010000
0000000000000000
1111110111101000
1110110010100000
1110001100001000
0000000000000000
1111110010101000
1111110000010000
0000000000000003
1111110000100000
1110001100001000
0000000000000002
1111110111100000
1111110000010000
0000000000000000
1111110111101000
1110110010100000
1110001100001000
0000000000000000
1111110010101000
1111110000010000
0000000000000003
1111110111100000
1110001100001000
0000000000000002
1111110111100000
1110110111100000
1111110000010000
0000000000000000
1111110111101000
1110110010100000
1110001100001000
0000000000000003
1111110000010000
0000000000000010
1110000010010000
0000000000000013
1110001100001000
0000000000000000
1111110010101000
1111110000010000
0000000000000013
1111110000100000
1110001100001000
0000000000000002
1111110000010000
0000000000000003
1110000010100000
1111110000010000
0000000000000000
1111110111101000
1110110010100000
1110001100001000
0000000000000006
1110110000010000
0000000000000000
1111110111101000
1110110010100000
1110001100001000
0000000000000000
1111110010101000
1111110000010000
1110110010100000
1111000111001000
0000000000000003
1111110000010000
0000000000000011
1110000010010000
0000000000000013
1110001100001000
0000000000000000
1111110010101000
1111110000010000
0000000000000013
1111110000100000
1110001100001000
0000000000000002
1111110000010000
0000000000000004
1110000010100000
1111110000010000
0000000000000000
1111110111101000
1110110010100000
1110001100001000
0000000000000003
1111110000010000
0000000000000012
1110000010010000
0000000000000013
1110001100001000
0000000000000000
1111110010101000
1111110000010000
0000000000000013
1111110000100000
1110001100001000
0000000000000002
1111110000010000
0000000000000005
1110000010100000
1111110000010000
0000000000000000
1111110111101000
1110110010100000
1110001100001000
0000000000000006
1110110000010000
0000000000000000
1111110111101000
1110110010100000
1110001100001000
0000000000000000
1111110010101000
1111110000010000
1110110010100000
1111000111001000
0000000000000003
1111110000010000
0000000000000013
1110000010010000
0000000000000013
1110001100001000
0000000000000000
1111110010101000
1111110000010000
0000000000000013
1111110000100000
1110001100001000
0000000000000000
1111110111001000
1111110010100000
1110101010001000
0000000000000003
1111110000010000
0000000000000014
1110000010010000
0000000000000013
1110001100001000
0000000000000000
1111110010101000
1111110000010000
0000000000000013
1111110000100000
1110001100001000
0000000000000003
1111110000010000
0000000000000000
1111110111101000
1110110010100000
1110001100001000
0000000000000001
1110110000010000
0000000000000013
1110001100001000
0000000000000025
1110110000010000
0000000000000014
1110001100001000
0000000000000022
1110110000010000
0000000000000095
1110101010000111
0000000000000000
1111110010101000
1111110000010000
0000000000000005
1110001100001000
0000000000000003
1111110000010000
0000000000000000
1111110111101000
1110110010100000
1110001100001000
0000000000000054
1110101010000111
0000000000000002
1111110000100000
1111110000010000
0000000000000000
1111110111101000
1110110010100000
1110001100001000
0000000000000000
1111110010101000
1111110000010000
0000000000000003
1110001100001000
0000000000000003
1111110000010000
0000000000000000
1111110111101000
1110110010100000
1110001100001000
0000000000000001
1110110000010000
0000000000000013
1110001100001000
0000000000000413
1110110000010000
0000000000000014
1110001100001000
0000000000000024
1110110000010000
0000000000000095
1110101010000111
0000000000000000
1111110010101000
1111110000010000
0000000000000005
1110001100001000
0000000000000000
1111110111001000
1111110010100000
1110101010001000
0000000000000054
1110101010000111
0000000000000002
1111110000100000
1111110000010000
0000000000000000
1111110111101000
1110110010100000
1110001100001000
0000000000000000
1111110010101000
1111110000010000
0000000000000003
1110001100001000
0000000000000000
1111110111001000
1111110010100000
1110101010001000
0000000000000000
1111110010100000
1111110001001000
0000000000000001
1110110000010000
0000000000000013
1110001100001000
0000000000000631
1110110000010000
0000000000000014
1110001100001000
0000000000000026
1110110000010000
0000000000000095
1110101010000111
0000000000000000
1111110010101000
1111110000010000
0000000000000005
1110001100001000
0000000000000003
1111110000010000
0000000000000000
1111110111101000
1110110010100000
1110001100001000
0000000000000001
1110110000010000
0000000000000013
1110001100001000
0000000000000031
1110110000010000
0000000000000014
1110001100001000
0000000000000027
1110110000010000
0000000000000095
1110101010000111
0000000000000000
1111110010101000
1111110000010000
0000000000000005
1110001100001000
0000000000000000
1111110111001000
1111110010100000
1110101010001000
0000000000000054
1110101010000111
0000000000000002
1111110000100000
1111110000010000
0000000000000000
1111110111101000
1110110010100000
1110001100001000
0000000000000000
1111110010101000
1111110000010000
0000000000000003
1110001100001000
0000000000000000
1111110111001000
1111110010100000
1110101010001000
0000000000000001
1110110000010000
0000000000000013
1110001100001000
0000000000000631
1110110000010000
0000000000000014
1110001100001000
0000000000000029
1110110000010000
0000000000000095
1110101010000111
0000000000000000
1111110010101000
1111110000010000
0000000000000005
1110001100001000
0000000000000003
1111110000010000
0000000000000000
1111110111101000
1110110010100000
1110001100001000
0000000000000001
1110110000010000
0000000000000013
1110001100001000
0000000000000031
1110110000010000
0000000000000014
1110001100001000
0000000000000030
1110110000010000
0000000000000095
1110101010000111
0000000000000000
1111110010101000
1111110000010000
0000000000000005
1110001100001000
0000000000000000
1111110111001000
1111110010100000
1110101010001000
0000000000000054
1110101010000111
0000000000000002
1111110000100000
1111110000010000
0000000000000000
1111110111101000
1110110010100000
1110001100001000
0000000000000000
1111110010101000
1111110000010000
0000000000000003
1110001100001000
0000000000000003
1111110000100000
1111110000010000
0000000000000000
1111110111101000
1110110010100000
1110001100001000
0000000000000003
1111110111100000
1111110000010000
0000000000000000
1111110111101000
1110110010100000
1110001100001000
0000000000000003
1111110000100000
1111110000010000
0000000000000000
1111110111101000
1110110010100000
1110001100001000
0000000000000005
1110110000010000
0000000000000000
1111110111101000
1110110010100000
1110001100001000
0000000000000000
1111110010101000
1111110000010000
1110110010100000
1111000010001000
0000000000000003
1111110111100000
1111110000010000
0000000000000000
1111110111101000
1110110010100000
1110001100001000
0000000000000005
1110110000010000
0000000000000000
1111110111101000
1110110010100000
1110001100001000
0000000000000000
1111110010101000
1111110000010000
1110110010100000
1111000010001000
0000000000000004
1110110000010000
0000000000000013
1110001100001000
0000000000000687
1110110000010000
0000000000000014
1110001100001000
0000000000000032
1110110000010000
0000000000000095
1110101010000111
0000000000000000
1111110010101000
1111110000010000
0000000000000005
1110001100001000
0000000000000000
1111110111001000
1111110010100000
1110101010001000
0000000000000054
1110101010000111
0000000000000002
1111110000100000
1111110000010000
0000000000000000
1111110111101000
1110110010100000
1110001100001000
0000000000000000
1111110010101000
1111110000010000
0000000000000003
1110001100001000
0000000000000003
1111110000100000
1111110000010000
0000000000000000
1111110111101000
1110110010100000
1110001100001000
0000000000000054
1110101010000111
0000000000000002
1111110000100000
1111110000010000
0000000000000000
1111110111101000
1110110010100000
1110001100001000
0000000000000000
1111110010101000
1111110000010000
0000000000000003
1110001100001000
0000000000000003
1111110000100000
1111110000010000
0000000000000000
1111110111101000
1110110010100000
1110001100001000
0000000000000005
1110110000010000
0000000000000000
1111110111101000
1110110010100000
1110001100001000
0000000000000000
1111110010101000
1111110000010000
1110110010100000
1111000010001000
0000000000000054
1110101010000111
0000000000000003
1110110000010000
1110001110010000
0000000000000000
1111110111101000
1110110010100000
1110101010001000
0000000000000036
1110001100000001
0000000000000002
1111110000100000
1111110000010000
0000000000000000
1111110111101000
1110110010100000
1110001100001000
0000000000000000
1111110010101000
1111110000010000
0000000000000003
1110001100001000
0000000000000002
1111110111100000
1111110000010000
0000000000000000
1111110111101000
1110110010100000
1110001100001000
0000000000000003
1111110000100000
1111110000010000
0000000000000000
1111110111101000
1110110010100000
1110001100001000
0000000000000000
1111110010101000
1111110000010000
1110110010100000
1111000111001000
0000000000000000
1111110010101000
1111110000010000
0000000000000003
1111110111100000
1110110111100000
1110001100001000
0000000000000002
1111110111100000
1110110111100000
1111110000010000
0000000000000000
1111110111101000
1110110010100000
1110001100001000
0000000000000003
1111110111100000
1111110000010000
0000000000000000
1111110111101000
1110110010100000
1110001100001000
0000000000000000
1111110010101000
1111110000010000
1110110010100000
1111000111001000
0000000000000000
1111110010101000
1111110000010000
0000000000000003
1111110111100000
1110110111100000
1110110111100000
1110001100001000
0000000000000003
1111110111100000
1110110111100000
1111110000010000
0000000000000000
1111110111101000
1110110010100000
1110001100001000
0000000000000001
1110110000010000
0000000000000013
1110001100001000
0000000000000318
1110110000010000
0000000000000014
1110001100001000
0000000000000037
1110110000010000
0000000000000095
1110101010000111
0000000000000000
1111110010101000
1111110000010000
0000000000000001
1111110000100000
1110001100001000
0000000000000003
1111110000010000
0000000000000003
1110000010100000
1111110000010000
0000000000000000
1111110111101000
1110110010100000
1110001100001000
0000000000000001
1110110000010000
0000000000000013
1110001100001000
0000000000000318
1110110000010000
0000000000000014
1110001100001000
0000000000000038
1110110000010000
0000000000000095
1110101010000111
0000000000000000
1111110010101000
1111110000010000
0000000000000001
1111110111100000
1110001100001000
0000000000000001
1111110000100000
1111110000010000
0000000000000000
1111110111101000
1110110010100000
1110001100001000
0000000000000001
1111110111100000
1111110000010000
0000000000000000
1111110111101000
1110110010100000
1110001100001000
0000000000000039
1110110000010000
0000000000000038
1110101010000111
0000000000000003
1111110000010000
0000000000000007
1110000010010000
0000000000000013
1110001100001000
0000000000000000
1111110010101000
1111110000010000
0000000000000013
1111110000100000
1110001100001000
0000000000000003
1111110000010000
0000000000000007
1110000010100000
1111110000010000
0000000000000000
1111110111101000
1110110010100000
1110001100001000
0000000000000000
1111110010101000
1111110000010000
0000000000000040
1110001100000101
0000000000000043
1110101010000111
0000000000000001
1111110000100000
1111110000010000
0000000000000000
1111110111101000
1110110010100000
1110001100001000
0000000000000000
1111110010101000
1111110000010000
0000000000000001
1111110111100000
1110110111100000
1110001100001000
0000000000000001
1111110111100000
1111110000010000
0000000000000000
1111110111101000
1110110010100000
1110001100001000
0000000000000000
1111110010101000
1111110000010000
0000000000000001
1111110000100000
1110001100001000
0000000000000001
1111110111100000
1110110111100000
1111110000010000
0000000000000000
1111110111101000
1110110010100000
1110001100001000
0000000000000000
1111110010101000
1111110000010000
0000000000000001
1111110111100000
1110001100001000
0000000000000003
1111110111100000
1111110000010000
0000000000000000
1111110111101000
1110110010100000
1110001100001000
0000000000000002
1111110111100000
1110110111100000
1111110000010000
0000000000000000
1111110111101000
1110110010100000
1110001100001000
0000000000000041
1110110000010000
0000000000000038
1110101010000111
0000000000000003
1111110000010000
0000000000000008
1110000010010000
0000000000000013
1110001100001000
0000000000000000
1111110010101000
1111110000010000
0000000000000013
1111110000100000
1110001100001000
0000000000000003
1111110000100000
1111110000010000
0000000000000000
1111110111101000
1110110010100000
1110001100001000
0000000000000002
1111110111100000
1111110000010000
0000000000000000
1111110111101000
1110110010100000
1110001100001000
0000000000000042
1110110000010000
0000000000000038
1110101010000111
0000000000000003
1111110000010000
0000000000000009
1110000010010000
0000000000000013
1110001100001000
0000000000000000
1111110010101000
1111110000010000
0000000000000013
1111110000100000
1110001100001000
0000000000000046
1110101010000111
0000000000000003
1111110000100000
1111110000010000
0000000000000000
1111110111101000
1110110010100000
1110001100001000
0000000000000002
1111110111100000
1111110000010000
0000000000000000
1111110111101000
1110110010100000
1110001100001000
0000000000000044
1110110000010000
0000000000000038
1110101010000111
0000000000000003
1111110000010000
0000000000000008
1110000010010000
0000000000000013
1110001100001000
0000000000000000
1111110010101000
1111110000010000
0000000000000013
1111110000100000
1110001100001000
0000000000000003
1111110111100000
1111110000010000
0000000000000000
1111110111101000
1110110010100000
1110001100001000
0000000000000002
1111110111100000
1110110111100000
1111110000010000
0000000000000000
1111110111101000
1110110010100000
1110001100001000
0000000000000045
1110110000010000
0000000000000038
1110101010000111
0000000000000003
1111110000010000
0000000000000009
1110000010010000
0000000000000013
1110001100001000
0000000000000000
1111110010101000
1111110000010000
0000000000000013
1111110000100000
1110001100001000
0000000000000002
1110110000010000
0000000000000000
1111110111101000
1110110010100000
1110001100001000
0000000000000001
1111110111100000
1111110000010000
0000000000000000
1111110111101000
1110110010100000
1110001100001000
0000000000000002
1110110000010000
0000000000000013
1110001100001000
0000000000000322
1110110000010000
0000000000000014
1110001100001000
0000000000000047
1110110000010000
0000000000000095
1110101010000111
0000000000000001
1111110000100000
1111110000010000
0000000000000000
1111110111101000
1110110010100000
1110001100001000
0000000000000000
1111110010101000
1111110000010000
1110110010100000
1111000111001000
0000000000000000
1111110010101000
1111110000010000
0000000000000003
1111110111100000
1110110111100000
1110110111100000
1110110111100000
1110001100001000
0000000000000002
1110110000010000
0000000000000000
1111110111101000
1110110010100000
1110001100001000
0000000000000001
1111110111100000
1111110000010000
0000000000000000
1111110111101000
1110110010100000
1110001100001000
0000000000000002
1110110000010000
0000000000000013
1110001100001000
0000000000000322
1110110000010000
0000000000000014
1110001100001000
0000000000000048
1110110000010000
0000000000000095
1110101010000111
0000000000000000
1111110010101000
1111110000010000
0000000000000003
1111110111100000
1110110111100000
1110110111100000
1110110111100000
1110110111100000
1110001100001000
0000000000000002
1110110000010000
0000000000000000
1111110111101000
1110110010100000
1110001100001000
0000000000000001
1111110111100000
1111110000010000
0000000000000000
1111110111101000
1110110010100000
1110001100001000
0000000000000001
1111110000100000
1111110000010000
0000000000000000
1111110111101000
1110110010100000
1110001100001000
0000000000000000
1111110010101000
1111110000010000
1110110010100000
1111000111001000
0000000000000002
1110110000010000
0000000000000013
1110001100001000
0000000000000322
1110110000010000
0000000000000014
1110001100001000
0000000000000049
1110110000010000
0000000000000095
1110101010000111
0000000000000000
1111110010101000
1111110000010000
0000000000000003
1111110111100000
1110110111100000
1110110111100000
1110110111100000
1110110111100000
1110110111100000
1110001100001000
0000000000000000
1111110111001000
1111110010100000
1110101010001000
0000000000000054
1110101010000111
0000000000000002
1111110000100000
1111110000010000
0000000000000000
1111110111101000
1110110010100000
1110001100001000
0000000000000000
1111110010101000
1111110000010000
0000000000000003
1110001100001000
0000000000000003
1111110000010000
0000000000000000
1111110111101000
1110110010100000
1110001100001000
0000000000000001
1110110000010000
0000000000000013
1110001100001000
0000000000000028
1110110000010000
0000000000000014
1110001100001000
0000000000000051
1110110000010000
0000000000000095
1110101010000111
0000000000000000
1111110010101000
1111110000010000
0000000000000005
1110001100001000
0000000000000003
1111110000010000
0000000000000004
1110000010100000
1111110000010000
0000000000000000
1111110111101000
1110110010100000
1110001100001000
0000000000000000
1111110111001000
1111110010100000
1110101010001000
0000000000000052
1110110000010000
0000000000000038
1110101010000111
0000000000000000
1111110010101000
1111110000010000
0000000000000053
1110001100000101
0000000000000054
1110101010000111
0000000000000003
1111110000010000
0000000000000004
1110000010100000
1111110000010000
0000000000000000
1111110111101000
1110110010100000
1110001100001000
0000000000000003
1111110000010000
0000000000000005
1110000010100000
1111110000010000
0000000000000000
1111110111101000
1110110010100000
1110001100001000
0000000000000000
1111110010101000
1111110000010000
1110110010100000
1111000010001000
0000000000000000
1111110010101000
1111110000010000
0000000000000003
1111110111100000
1110110111100000
1110110111100000
1110110111100000
1110001100001000
0000000000000064
1110101010000111
0000000000000003
1111110000010000
0000000000000004
1110000010100000
1111110000010000
0000000000000000
1111110111101000
1110110010100000
1110001100001000
0000000000000003
1111110000010000
0000000000000006
1110000010100000
1111110000010000
0000000000000000
1111110111101000
1110110010100000
1110001100001000
0000000000000000
1111110010101000
1111110000010000
1110110010100000
1111000010001000
0000000000000000
1111110010101000
1111110000010000
0000000000000003
1111110111100000
1110110111100000
1110110111100000
1110110111100000
1110001100001000
0000000000000003
1111110000010000
0000000000000009
1110000010100000
1111110000010000
0000000000000000
1111110111101000
1110110010100000
1110001100001000
0000000000000000
1111110010101000
1111110000010000
0000000000000055
1110001100000101
0000000000000059
1110101010000111
0000000000000003
1111110000010000
0000000000000007
1110000010100000
1111110000010000
0000000000000000
1111110111101000
1110110010100000
1110001100001000
0000000000000000
1111110010101000
1111110000010000
0000000000000056
1110001100000101
0000000000000057
1110101010000111
0000000000000003
1111110000100000
1111110000010000
0000000000000000
1111110111101000
1110110010100000
1110001100001000
0000000000000004
1110110000010000
0000000000000000
1111110111101000
1110110010100000
1110001100001000
0000000000000000
1111110010101000
1111110000010000
1110110010100000
1111000010001000
0000000000000000
1111110010101000
1111110000010000
0000000000000003
1111110000100000
1110001100001000
0000000000000058
1110101010000111
0000000000000003
1111110111100000
1111110000010000
0000000000000000
1111110111101000
1110110010100000
1110001100001000
0000000000000004
1110110000010000
0000000000000000
1111110111101000
1110110010100000
1110001100001000
0000000000000000
1111110010101000
1111110000010000
1110110010100000
1111000010001000
0000000000000000
1111110010101000
1111110000010000
0000000000000003
1111110111100000
1110001100001000
0000000000000063
1110101010000111
0000000000000003
1111110000010000
0000000000000007
1110000010100000
1111110000010000
0000000000000000
1111110111101000
1110110010100000
1110001100001000
0000000000000000
1111110010101000
1111110000010000
0000000000000060
1110001100000101
0000000000000061
1110101010000111
0000000000000003
1111110000100000
1111110000010000
0000000000000000
1111110111101000
1110110010100000
1110001100001000
0000000000000004
1110110000010000
0000000000000000
1111110111101000
1110110010100000
1110001100001000
0000000000000000
1111110010101000
1111110000010000
1110110010100000
1111000111001000
0000000000000000
1111110010101000
1111110000010000
0000000000000003
1111110000100000
1110001100001000
0000000000000062
1110101010000111
0000000000000003
1111110111100000
1111110000010000
0000000000000000
1111110111101000
1110110010100000
1110001100001000
0000000000000004
1110110000010000
0000000000000000
1111110111101000
1110110010100000
1110001100001000
0000000000000000
1111110010101000
1111110000010000
1110110010100000
1111000111001000
0000000000000000
1111110010101000
1111110000010000
0000000000000003
1111110111100000
1110001100001000
0000000000000003
1111110000010000
0000000000000008
1110000010100000
1111110000010000
0000000000000000
1111110111101000
1110110010100000
1110001100001000
0000000000000000
1111110010101000
1111110000010000
0000000000000065
1110001100000101
0000000000000069
1110101010000111
0000000000000003
1111110000010000
0000000000000007
1110000010100000
1111110000010000
0000000000000000
1111110111101000
1110110010100000
1110001100001000
0000000000000000
1111110010101000
1111110000010000
0000000000000066
1110001100000101
0000000000000067
1110101010000111
0000000000000003
1111110111100000
1111110000010000
0000000000000000
1111110111101000
1110110010100000
1110001100001000
0000000000000004
1110110000010000
0000000000000000
1111110111101000
1110110010100000
1110001100001000
0000000000000000
1111110010101000
1111110000010000
1110110010100000
1111000010001000
0000000000000000
1111110010101000
1111110000010000
0000000000000003
1111110111100000
1110001100001000
0000000000000068
1110101010000111
0000000000000003
1111110000100000
1111110000010000
0000000000000000
1111110111101000
1110110010100000
1110001100001000
0000000000000004
1110110000010000
0000000000000000
1111110111101000
1110110010100000
1110001100001000
0000000000000000
1111110010101000
1111110000010000
1110110010100000
1111000010001000
0000000000000000
1111110010101000
1111110000010000
0000000000000003
1111110000100000
1110001100001000
0000000000000073
1110101010000111
0000000000000003
1111110000010000
0000000000000007
1110000010100000
1111110000010000
0000000000000000
1111110111101000
1110110010100000
1110001100001000
0000000000000000
1111110010101000
1111110000010000
0000000000000070
1110001100000101
0000000000000071
1110101010000111
0000000000000003
1111110111100000
1111110000010000
0000000000000000
1111110111101000
1110110010100000
1110001100001000
0000000000000004
1110110000010000
0000000000000000
1111110111101000
1110110010100000
1110001100001000
0000000000000000
1111110010101000
1111110000010000
1110110010100000
1111000111001000
0000000000000000
1111110010101000
1111110000010000
0000000000000003
1111110111100000
1110001100001000
0000000000000072
1110101010000111
0000000000000003
1111110000100000
1111110000010000
0000000000000000
1111110111101000
1110110010100000
1110001100001000
0000000000000004
1110110000010000
0000000000000000
1111110111101000
1110110010100000
1110001100001000
0000000000000000
1111110010101000
1111110000010000
1110110010100000
1111000111001000
0000000000000000
1111110010101000
1111110000010000
0000000000000003
1111110000100000
1110001100001000
0000000000000003
1111110000100000
1111110000010000
0000000000000000
1111110111101000
1110110010100000
1110001100001000
0000000000000003
1111110000010000
0000000000000010
1110000010100000
1111110000010000
0000000000000000
1111110111101000
1110110010100000
1110001100001000
0000000000000074
1110110000010000
0000000000000022
1110101010000111
0000000000000000
1111110010100000
1111110001001000
0000000000000000
1111110010101000
1111110000010000
0000000000000075
1110001100000101
0000000000000076
1110101010000111
0000000000000000
1111110111001000
1111110010100000
1110111111001000
0000000000000003
1111110000010000
0000000000000014
1110000010010000
0000000000000013
1110001100001000
0000000000000000
1111110010101000
1111110000010000
0000000000000013
1111110000100000
1110001100001000
0000000000000003
1111110000010000
0000000000000010
1110000010100000
1111110000010000
0000000000000000
1111110111101000
1110110010100000
1110001100001000
0000000000000000
1111110010101000
1111110000010000
0000000000000003
1111110000100000
1110001100001000
0000000000000003
1111110000100000
1111110000010000
0000000000000000
1111110111101000
1110110010100000
1110001100001000
0000000000000003
1111110000010000
0000000000000011
1110000010100000
1111110000010000
0000000000000000
1111110111101000
1110110010100000
1110001100001000
0000000000000077
1110110000010000
0000000000000038
1110101010000111
0000000000000000
1111110010100000
1111110001001000
0000000000000000
1111110010101000
1111110000010000
0000000000000078
1110001100000101
0000000000000079
1110101010000111
0000000000000002
1110110000010000
0000000000000000
1111110111101000
1110110010100000
1110001100001000
0000000000000003
1111110000010000
0000000000000014
1110000010010000
0000000000000013
1110001100001000
0000000000000000
1111110010101000
1111110000010000
0000000000000013
1111110000100000
1110001100001000
0000000000000003
1111110000010000
0000000000000011
1110000010100000
1111110000010000
0000000000000000
1111110111101000
1110110010100000
1110001100001000
0000000000000000
1111110010101000
1111110000010000
0000000000000003
1111110000100000
1110001100001000
0000000000000003
1111110111100000
1111110000010000
0000000000000000
1111110111101000
1110110010100000
1110001100001000
0000000000000003
1111110000010000
0000000000000012
1110000010100000
1111110000010000
0000000000000000
1111110111101000
1110110010100000
1110001100001000
0000000000000080
1110110000010000
0000000000000022
1110101010000111
0000000000000000
1111110010100000
1111110001001000
0000000000000000
1111110010101000
1111110000010000
0000000000000081
1110001100000101
0000000000000082
1110101010000111
0000000000000003
1110110000010000
0000000000000000
1111110111101000
1110110010100000
1110001100001000
0000000000000003
1111110000010000
0000000000000014
1110000010010000
0000000000000013
1110001100001000
0000000000000000
1111110010101000
1111110000010000
0000000000000013
1111110000100000
1110001100001000
0000000000000003
1111110000010000
0000000000000012
1110000010100000
1111110000010000
0000000000000000
1111110111101000
1110110010100000
1110001100001000
0000000000000000
1111110010101000
1111110000010000
0000000000000003
1111110111100000
1110001100001000
0000000000000003
1111110111100000
1111110000010000
0000000000000000
1111110111101000
1110110010100000
1110001100001000
0000000000000003
1111110000010000
0000000000000013
1110000010100000
1111110000010000
0000000000000000
1111110111101000
1110110010100000
1110001100001000
0000000000000083
1110110000010000
0000000000000038
1110101010000111
0000000000000000
1111110010100000
1111110001001000
0000000000000000
1111110010101000
1111110000010000
0000000000000084
1110001100000101
0000000000000085
1110101010000111
0000000000000004
1110110000010000
0000000000000000
1111110111101000
1110110010100000
1110001100001000
0000000000000003
1111110000010000
0000000000000014
1110000010010000
0000000000000013
1110001100001000
0000000000000000
1111110010101000
1111110000010000
0000000000000013
1111110000100000
1110001100001000
0000000000000003
1111110000010000
0000000000000013
1110000010100000
1111110000010000
0000000000000000
1111110111101000
1110110010100000
1110001100001000
0000000000000000
1111110010101000
1111110000010000
0000000000000003
1111110111100000
1110001100001000
0000000000000003
1111110000010000
0000000000000000
1111110111101000
1110110010100000
1110001100001000
0000000000000001
1110110000010000
0000000000000013
1110001100001000
0000000000000025
1110110000010000
0000000000000014
1110001100001000
0000000000000086
1110110000010000
0000000000000095
1110101010000111
0000000000000000
1111110010101000
1111110000010000
0000000000000005
1110001100001000
0000000000000003
1111110000010000
0000000000000014
1110000010100000
1111110000010000
0000000000000000
1111110111101000
1110110010100000
1110001100001000
0000000000000054
1110101010000111
0000000000000005
1110110000010000
1110001110010000
0000000000000000
1111110111101000
1110110010100000
1110101010001000
0000000000000088
1110001100000001
0000000000000002
1111110000100000
1111110000010000
0000000000000000
1111110111101000
1110110010100000
1110001100001000
0000000000000000
1111110010101000
1111110000010000
0000000000000003
1110001100001000
0000000000000003
1111110111100000
1110110111100000
1111110000010000
0000000000000000
1111110111101000
1110110010100000
1110001100001000
0000000000000010
1110110000010000
0000000000000000
1111110111101000
1110110010100000
1110001100001000
0000000000000002
1110110000010000
0000000000000013
1110001100001000
0000000000000341
1110110000010000
0000000000000014
1110001100001000
0000000000000089
1110110000010000
0000000000000095
1110101010000111
0000000000000000
1111110010101000
1111110000010000
0000000000000001
1111110111100000
1110110111100000
1110001100001000
0000000000000003
1111110000010000
0000000000000003
1110000010100000
1111110000010000
0000000000000000
1111110111101000
1110110010100000
1110001100001000
0000000000000010
1110110000010000
0000000000000000
1111110111101000
1110110010100000
1110001100001000
0000000000000002
1110110000010000
0000000000000013
1110001100001000
0000000000000341
1110110000010000
0000000000000014
1110001100001000
0000000000000090
1110110000010000
0000000000000095
1110101010000111
0000000000000000
1111110010101000
1111110000010000
0000000000000001
1111110111100000
1110110111100000
1110110111100000
1110001100001000
0000000000000002
1111110111100000
1111110000010000
0000000000000000
1111110111101000
1110110010100000
1110001100001000
0000000000000000
1111110111001000
1111110010100000
1110101010001000
0000000000000091
1110110000010000
0000000000000006
1110101010000111
0000000000000000
1111110010101000
1111110000010000
0000000000000092
1110001100000101
0000000000000093
1110101010000111
0000000000000010
1110110000010000
0000000000000000
1111110111101000
1110110010100000
1110001100001000
0000000000000000
1111110010101000
1111110000010000
0000000000000001
1111110111100000
1110110111100000
1110110111100000
1110110111100000
1110001100001000
0000000000000101
1110101010000111
0000000000000003
1111110111100000
1110110111100000
1111110000010000
0000000000000000
1111110111101000
1110110010100000
1110001100001000
0000000000000000
1111110111001000
1111110010100000
1110101010001000
0000000000000094
1110110000010000
0000000000000038
1110101010000111
0000000000000000
1111110010100000
1111110001001000
0000000000000002
1111110111100000
1111110000010000
0000000000000000
1111110111101000
1110110010100000
1110001100001000
0000000000000000
1111110111001000
1111110010100000
1110111111001000
0000000000000095
1110110000010000
0000000000000006
1110101010000111
0000000000000000
1111110010101000
1111110000010000
1110110010100000
1111000000001000
0000000000000003
1111110111100000
1110110111100000
1111110000010000
0000000000000000
1111110111101000
1110110010100000
1110001100001000
0000000000000000
1111110111001000
1111110010100000
1110101010001000
0000000000000096
1110110000010000
0000000000000038
1110101010000111
0000000000000000
1111110010101000
1111110000010000
1110110010100000
1111010101001000
0000000000000002
1111110111100000
1111110000010000
0000000000000000
1111110111101000
1110110010100000
1110001100001000
0000000000000000
1111110111001000
1111110010100000
1110111111001000
0000000000000000
1111110010100000
1111110001010000
1110011111001000
0000000000000097
1110110000010000
0000000000000006
1110101010000111
0000000000000000
1111110010101000
1111110000010000
1110110010100000
1111000000001000
0000000000000000
1111110010101000
1111110000010000
0000000000000098
1110001100000101
0000000000000099
1110101010000111
0000000000000020
1110110000010000
0000000000000000
1111110111101000
1110110010100000
1110001100001000
0000000000000000
1111110010101000
1111110000010000
0000000000000001
1111110111100000
1110110111100000
1110110111100000
1110110111100000
1110001100001000
0000000000000100
1110101010000111
0000000000000005
1110110000010000
0000000000000000
1111110111101000
1110110010100000
1110001100001000
0000000000000000
1111110010101000
1111110000010000
0000000000000001
1111110111100000
1110110111100000
1110110111100000
1110110111100000
1110001100001000
0000000000000003
1111110000010000
0000000000000014
1110000010100000
1111110000010000
0000000000000000
1111110111101000
1110110010100000
1110001100001000
0000000000000000
1111110111001000
1111110010100000
1110111111001000
0000000000000102
1110110000010000
0000000000000006
1110101010000111
0000000000000000
1111110010101000
1111110000010000
0000000000000103
1110001100000101
0000000000000107
1110101010000111
0000000000000506
1110110000010000
0000000000000000
1111110111101000
1110110010100000
1110001100001000
0000000000000000
1111110010101000
1111110000010000
0000000000000001
1111110000100000
1110001100001000
0000000000000001
1111110000010000
0000000000000003
1110000010100000
1111110000010000
0000000000000000
1111110111101000
1110110010100000
1110001100001000
0000000000000050
1110110000010000
0000000000000000
1111110111101000
1110110010100000
1110001100001000
0000000000000000
1111110010100000
1111110001010000
1110011111001000
0000000000000002
1110110000010000
0000000000000013
1110001100001000
0000000000000322
1110110000010000
0000000000000014
1110001100001000
0000000000000104
1110110000010000
0000000000000095
1110101010000111
0000000000000001
1111110111100000
1110110111100000
1111110000010000
0000000000000000
1111110111101000
1110110010100000
1110001100001000
0000000000000002
1110110000010000
0000000000000013
1110001100001000
0000000000000341
1110110000010000
0000000000000014
1110001100001000
0000000000000105
1110110000010000
0000000000000095
1110101010000111
0000000000000000
1111110010101000
1111110000010000
0000000000000001
1111110111100000
1110001100001000
0000000000000003
1111110111100000
1111110000010000
0000000000000000
1111110111101000
1110110010100000
1110001100001000
0000000000000001
1111110111100000
1111110000010000
0000000000000000
1111110111101000
1110110010100000
1110001100001000
0000000000000001
1111110000010000
0000000000000004
1110000010100000
1111110000010000
0000000000000000
1111110111101000
1110110010100000
1110001100001000
0000000000000002
1110110000010000
0000000000000013
1110001100001000
0000000000000322
1110110000010000
0000000000000014
1110001100001000
0000000000000106
1110110000010000
0000000000000095
1110101010000111
0000000000000000
1111110010101000
1111110000010000
1110110010100000
1111000010001000
0000000000000000
1111110010101000
1111110000010000
0000000000000001
1111110111100000
1110001100001000
0000000000000125
1110101010000111
0000000000000003
1111110000010000
0000000000000014
1110000010100000
1111110000010000
0000000000000000
1111110111101000
1110110010100000
1110001100001000
0000000000000002
1110110000010000
0000000000000000
1111110111101000
1110110010100000
1110001100001000
0000000000000108
1110110000010000
0000000000000006
1110101010000111
0000000000000000
1111110010101000
1111110000010000
0000000000000109
1110001100000101
0000000000000113
1110101010000111
0000000000000000
1111110111001000
1111110010100000
1110101010001000
0000000000000000
1111110010101000
1111110000010000
0000000000000001
1111110000100000
1110001100001000
0000000000000001
1111110000010000
0000000000000003
1110000010100000
1111110000010000
0000000000000000
1111110111101000
1110110010100000
1110001100001000
0000000000000050
1110110000010000
0000000000000000
1111110111101000
1110110010100000
1110001100001000
0000000000000002
1110110000010000
0000000000000013
1110001100001000
0000000000000322
1110110000010000
0000000000000014
1110001100001000
0000000000000110
1110110000010000
0000000000000095
1110101010000111
0000000000000001
1111110111100000
1110110111100000
1111110000010000
0000000000000000
1111110111101000
1110110010100000
1110001100001000
0000000000000002
1110110000010000
0000000000000013
1110001100001000
0000000000000341
1110110000010000
0000000000000014
1110001100001000
0000000000000111
1110110000010000
0000000000000095
1110101010000111
0000000000000000
1111110010101000
1111110000010000
0000000000000001
1111110111100000
1110001100001000
0000000000000003
1111110111100000
1111110000010000
0000000000000000
1111110111101000
1110110010100000
1110001100001000
0000000000000001
1111110111100000
1111110000010000
0000000000000000
1111110111101000
1110110010100000
1110001100001000
0000000000000001
1111110000010000
0000000000000004
1110000010100000
1111110000010000
0000000000000000
1111110111101000
1110110010100000
1110001100001000
0000000000000002
1110110000010000
0000000000000013
1110001100001000
0000000000000322
1110110000010000
0000000000000014
1110001100001000
0000000000000112
1110110000010000
0000000000000095
1110101010000111
0000000000000000
1111110010101000
1111110000010000
1110110010100000
1111000010001000
0000000000000000
1111110010101000
1111110000010000
0000000000000001
1111110111100000
1110001100001000
0000000000000124
1110101010000111
0000000000000003
1111110000010000
0000000000000014
1110000010100000
1111110000010000
0000000000000000
1111110111101000
1110110010100000
1110001100001000
0000000000000003
1110110000010000
0000000000000000
1111110111101000
1110110010100000
1110001100001000
0000000000000114
1110110000010000
0000000000000006
1110101010000111
0000000000000000
1111110010101000
1111110000010000
0000000000000115
1110001100000101
0000000000000119
1110101010000111
0000000000000250
1110110000010000
0000000000000000
1111110111101000
1110110010100000
1110001100001000
0000000000000000
1111110010101000
1111110000010000
0000000000000001
1111110111100000
1110001100001000
0000000000000001
1111110111100000
1110110111100000
1111110000010000
0000000000000000
1111110111101000
1110110010100000
1110001100001000
0000000000000025
1110110000010000
0000000000000000
1111110111101000
1110110010100000
1110001100001000
0000000000000000
1111110010100000
1111110001010000
1110011111001000
0000000000000002
1110110000010000
0000000000000013
1110001100001000
0000000000000322
1110110000010000
0000000000000014
1110001100001000
0000000000000116
1110110000010000
0000000000000095
1110101010000111
0000000000000001
1111110000010000
0000000000000003
1110000010100000
1111110000010000
0000000000000000
1111110111101000
1110110010100000
1110001100001000
0000000000000002
1110110000010000
0000000000000013
1110001100001000
0000000000000341
1110110000010000
0000000000000014
1110001100001000
0000000000000117
1110110000010000
0000000000000095
1110101010000111
0000000000000000
1111110010101000
1111110000010000
0000000000000001
1111110000100000
1110001100001000
0000000000000003
1111110000100000
1111110000010000
0000000000000000
1111110111101000
1110110010100000
1110001100001000
0000000000000001
1111110000100000
1111110000010000
0000000000000000
1111110111101000
1110110010100000
1110001100001000
0000000000000001
1111110000010000
0000000000000004
1110000010100000
1111110000010000
0000000000000000
1111110111101000
1110110010100000
1110001100001000
0000000000000002
1110110000010000
0000000000000013
1110001100001000
0000000000000322
1110110000010000
0000000000000014
1110001100001000
0000000000000118
1110110000010000
0000000000000095
1110101010000111
0000000000000000
1111110010101000
1111110000010000
1110110010100000
1111000010001000
0000000000000000
1111110010101000
1111110000010000
0000000000000001
1111110000100000
1110001100001000
0000000000000123
1110101010000111
0000000000000000
1111110111001000
1111110010100000
1110101010001000
0000000000000000
1111110010101000
1111110000010000
0000000000000001
1111110111100000
1110001100001000
0000000000000001
1111110111100000
1110110111100000
1111110000010000
0000000000000000
1111110111101000
1110110010100000
1110001100001000
0000000000000025
1110110000010000
0000000000000000
1111110111101000
1110110010100000
1110001100001000
0000000000000002
1110110000010000
0000000000000013
1110001100001000
0000000000000322
1110110000010000
0000000000000014
1110001100001000
0000000000000120
1110110000010000
0000000000000095
1110101010000111
0000000000000001
1111110000010000
0000000000000003
1110000010100000
1111110000010000
0000000000000000
1111110111101000
1110110010100000
1110001100001000
0000000000000002
1110110000010000
0000000000000013
1110001100001000
0000000000000341
1110110000010000
0000000000000014
1110001100001000
0000000000000121
1110110000010000
0000000000000095
1110101010000111
0000000000000000
1111110010101000
1111110000010000
0000000000000001
1111110000100000
1110001100001000
0000000000000003
1111110000100000
1111110000010000
0000000000000000
1111110111101000
1110110010100000
1110001100001000
0000000000000001
1111110000100000
1111110000010000
0000000000000000
1111110111101000
1110110010100000
1110001100001000
0000000000000001
1111110000010000
0000000000000004
1110000010100000
1111110000010000
0000000000000000
1111110111101000
1110110010100000
1110001100001000
0000000000000002
1110110000010000
0000000000000013
1110001100001000
0000000000000322
1110110000010000
0000000000000014
1110001100001000
0000000000000122
1110110000010000
0000000000000095
1110101010000111
0000000000000000
1111110010101000
1111110000010000
1110110010100000
1111000010001000
0000000000000000
1111110010101000
1111110000010000
0000000000000001
1111110000100000
1110001100001000
0000000000000003
1111110000010000
0000000000000000
1111110111101000
1110110010100000
1110001100001000
0000000000000001
1111110000100000
1111110000010000
0000000000000000
1111110111101000
1110110010100000
1110001100001000
0000000000000001
1111110111100000
1111110000010000
0000000000000000
1111110111101000
1110110010100000
1110001100001000
0000000000000003
1110110000010000
0000000000000013
1110001100001000
0000000000000035
1110110000010000
0000000000000014
1110001100001000
0000000000000126
1110110000010000
0000000000000095
1110101010000111
0000000000000000
1111110010101000
1111110000010000
0000000000000005
1110001100001000
0000000000000000
1111110111001000
1111110010100000
1110101010001000
0000000000000054
1110101010000111
0000000000000005
1110110000010000
0000000000000000
1111110111101000
1110110010100000
1110001100001000
0000000000000001
1110110000010000
0000000000000013
1110001100001000
0000000000000394
1110110000010000
0000000000000014
1110001100001000
0000000000000128
1110110000010000
0000000000000095
1110101010000111
0000000000000000
1111110010101000
1111110000010000
0000000000000003
1110001100001000
0000000000000002
1111110000100000
1111110000010000
0000000000000000
1111110111101000
1110110010100000
1110001100001000
0000000000000000
1111110010101000
1111110000010000
0000000000000003
1111110000100000
1110001100001000
0000000000000002
1111110111100000
1111110000010000
0000000000000000
1111110111101000
1110110010100000
1110001100001000
0000000000000000
1111110010101000
1111110000010000
0000000000000003
1111110111100000
1110001100001000
0000000000000002
1111110111100000
1110110111100000
1111110000010000
0000000000000000
1111110111101000
1110110010100000
1110001100001000
0000000000000000
1111110010101000
1111110000010000
0000000000000003
1111110111100000
1110110111100000
1110001100001000
0000000000000002
1111110000010000
0000000000000003
1110000010100000
1111110000010000
0000000000000000
1111110111101000
1110110010100000
1110001100001000
0000000000000000
1111110010101000
1111110000010000
0000000000000003
1111110111100000
1110110111100000
1110110111100000
1110001100001000
0000000000000002
1110110000010000
0000000000000000
1111110111101000
1110110010100000
1110001100001000
0000000000000000
1111110010101000
1111110000010000
0000000000000003
1111110111100000
1110110111100000
1110110111100000
1110110111100000
1110001100001000
0000000000000003
1111110000010000
0000000000000000
1111110111101000
1110110010100000
1110001100001000
0000000000000001
1110110000010000
0000000000000013
1110001100001000
0000000000000132
1110110000010000
0000000000000014
1110001100001000
0000000000000129
1110110000010000
0000000000000095
1110101010000111
0000000000000000
1111110010101000
1111110000010000
0000000000000005
1110001100001000
0000000000000003
1111110000010000
0000000000000000
1111110111101000
1110110010100000
1110001100001000
0000000000000054
1110101010000111
0000000000000002
1111110000100000
1111110000010000
0000000000000000
1111110111101000
1110110010100000
1110001100001000
0000000000000000
1111110010101000
1111110000010000
0000000000000003
1110001100001000
0000000000000003
1111110000010000
0000000000000000
1111110111101000
1110110010100000
1110001100001000
0000000000000001
1110110000010000
0000000000000013
1110001100001000
0000000000000413
1110110000010000
0000000000000014
1110001100001000
0000000000000131
1110110000010000
0000000000000095
1110101010000111
0000000000000000
1111110010101000
1111110000010000
0000000000000005
1110001100001000
0000000000000000
1111110111001000
1111110010100000
1110101010001000
0000000000000054
1110101010000111
0000000000000002
1111110000100000
1111110000010000
0000000000000000
1111110111101000
1110110010100000
1110001100001000
0000000000000000
1111110010101000
1111110000010000
0000000000000003
1110001100001000
0000000000000000
1111110111001000
1111110010100000
1110101010001000
0000000000000000
1111110010100000
1111110001001000
0000000000000001
1110110000010000
0000000000000013
1110001100001000
0000000000000631
1110110000010000
0000000000000014
1110001100001000
0000000000000133
1110110000010000
0000000000000095
1110101010000111
0000000000000000
1111110010101000
1111110000010000
0000000000000005
1110001100001000
0000000000000003
1111110000010000
0000000000000000
1111110111101000
1110110010100000
1110001100001000
0000000000000001
1110110000010000
0000000000000013
1110001100001000
0000000000000138
1110110000010000
0000000000000014
1110001100001000
0000000000000134
1110110000010000
0000000000000095
1110101010000111
0000000000000000
1111110010101000
1111110000010000
0000000000000005
1110001100001000
0000000000000000
1111110111001000
1111110010100000
1110101010001000
0000000000000054
1110101010000111
0000000000000002
1111110000100000
1111110000010000
0000000000000000
1111110111101000
1110110010100000
1110001100001000
0000000000000000
1111110010101000
1111110000010000
0000000000000003
1110001100001000
0000000000000000
1111110111001000
1111110010100000
1110101010001000
0000000000000001
1110110000010000
0000000000000013
1110001100001000
0000000000000631
1110110000010000
0000000000000014
1110001100001000
0000000000000136
1110110000010000
0000000000000095
1110101010000111
0000000000000000
1111110010101000
1111110000010000
0000000000000005
1110001100001000
0000000000000003
1111110000010000
0000000000000000
1111110111101000
1110110010100000
1110001100001000
0000000000000001
1110110000010000
0000000000000013
1110001100001000
0000000000000138
1110110000010000
0000000000000014
1110001100001000
0000000000000137
1110110000010000
0000000000000095
1110101010000111
0000000000000000
1111110010101000
1111110000010000
0000000000000005
1110001100001000
0000000000000000
1111110111001000
1111110010100000
1110101010001000
0000000000000054
1110101010000111
0000000000000002
1111110000100000
1111110000010000
0000000000000000
1111110111101000
1110110010100000
1110001100001000
0000000000000000
1111110010101000
1111110000010000
0000000000000003
1110001100001000
0000000000000003
1111110000100000
1111110000010000
0000000000000000
1111110111101000
1110110010100000
1110001100001000
0000000000000003
1111110111100000
1111110000010000
0000000000000000
1111110111101000
1110110010100000
1110001100001000
0000000000000003
1111110000100000
1111110000010000
0000000000000000
1111110111101000
1110110010100000
1110001100001000
0000000000000003
1111110111100000
1110110111100000
1111110000010000
0000000000000000
1111110111101000
1110110010100000
1110001100001000
0000000000000000
1111110010101000
1111110000010000
1110110010100000
1111000010001000
0000000000000003
1111110111100000
1111110000010000
0000000000000000
1111110111101000
1110110010100000
1110001100001000
0000000000000003
1111110000010000
0000000000000003
1110000010100000
1111110000010000
0000000000000000
1111110111101000
1110110010100000
1110001100001000
0000000000000000
1111110010101000
1111110000010000
1110110010100000
1111000010001000
0000000000000004
1110110000010000
0000000000000013
1110001100001000
0000000000000687
1110110000010000
0000000000000014
1110001100001000
0000000000000139
1110110000010000
0000000000000095
1110101010000111
0000000000000000
1111110010101000
1111110000010000
0000000000000005
1110001100001000
0000000000000000
1111110111001000
1111110010100000
1110101010001000
0000000000000054
1110101010000111
0000000000000002
1111110000100000
1111110000010000
0000000000000000
1111110111101000
1110110010100000
1110001100001000
0000000000000000
1111110010101000
1111110000010000
0000000000000003
1110001100001000
0000000000000002
1111110111100000
1111110000010000
0000000000000000
1111110111101000
1110110010100000
1110001100001000
0000000000000000
1111110010101000
1111110000010000
0000000000000003
1111110111100000
1110110111100000
1110110111100000
1110110111100000
1110001100001000
0000000000000000
1111110111001000
1111110010100000
1110101010001000
0000000000000054
1110101010000111
0000000000000002
1111110000100000
1111110000010000
0000000000000000
1111110111101000
1110110010100000
1110001100001000
0000000000000000
1111110010101000
1111110000010000
0000000000000003
1110001100001000
0000000000000003
1111110000100000
1111110000010000
0000000000000000
1111110111101000
1110110010100000
1110001100001000
0000000000000054
1110101010000111
0000000000000002
1111110000100000
1111110000010000
0000000000000000
1111110111101000
1110110010100000
1110001100001000
0000000000000000
1111110010101000
1111110000010000
0000000000000003
1110001100001000
0000000000000003
1111110000100000
1111110000010000
0000000000000000
1111110111101000
1110110010100000
1110001100001000
0000000000000003
1111110111100000
1110110111100000
1111110000010000
0000000000000000
1111110111101000
1110110010100000
1110001100001000
0000000000000000
1111110010101000
1111110000010000
1110110010100000
1111000010001000
0000000000000054
1110101010000111
0000000000000002
1111110000100000
1111110000010000
0000000000000000
1111110111101000
1110110010100000
1110001100001000
0000000000000000
1111110010101000
1111110000010000
0000000000000003
1110001100001000
0000000000000003
1111110000010000
0000000000000000
1111110111101000
1110110010100000
1110001100001000
0000000000000001
1110110000010000
0000000000000013
1110001100001000
0000000000000135
1110110000010000
0000000000000014
1110001100001000
0000000000000144
1110110000010000
0000000000000095
1110101010000111
0000000000000000
1111110010101000
1111110000010000
0000000000000005
1110001100001000
0000000000000002
1111110111100000
1111110000010000
0000000000000000
1111110111101000
1110110010100000
1110001100001000
0000000000000000
1111110010101000
1111110000010000
0000000000000003
1111110111100000
1110110111100000
1110001100001000
0000000000000003
1111110000010000
0000000000000000
1111110111101000
1110110010100000
1110001100001000
0000000000000001
1110110000010000
0000000000000013
1110001100001000
0000000000000132
1110110000010000
0000000000000014
1110001100001000
0000000000000145
1110110000010000
0000000000000095
1110101010000111
0000000000000000
1111110010101000
1111110000010000
0000000000000005
1110001100001000
0000000000000000
1111110111001000
1111110010100000
1110101010001000
0000000000000054
1110101010000111
0000000000000002
1111110000100000
1111110000010000
0000000000000000
1111110111101000
1110110010100000
1110001100001000
0000000000000000
1111110010101000
1111110000010000
0000000000000003
1110001100001000
0000000000000003
1111110000010000
0000000000000004
1110000010100000
1111110000010000
0000000000000000
1111110111101000
1110110010100000
1110001100001000
0000000000000000
1111110111001000
1111110010100000
1110111111001000
0000000000000147
1110110000010000
0000000000000006
1110101010000111
0000000000000000
1111110010101000
1111110000010000
0000000000000148
1110001100000101
0000000000000156
1110101010000111
0000000000000003
1111110000100000
1111110000010000
0000000000000000
1111110111101000
1110110010100000
1110001100001000
0000000000000004
1110110000010000
0000000000000000
1111110111101000
1110110010100000
1110001100001000
0000000000000000
1111110010101000
1111110000010000
1110110010100000
1111000111001000
0000000000000000
1111110010101000
1111110000010000
0000000000000003
1111110000100000
1110001100001000
0000000000000003
1111110000100000
1111110000010000
0000000000000000
1111110111101000
1110110010100000
1110001100001000
0000000000000000
1111110111001000
1111110010100000
1110101010001000
0000000000000149
1110110000010000
0000000000000038
1110101010000111
0000000000000000
1111110010101000
1111110000010000
0000000000000150
1110001100000101
0000000000000151
1110101010000111
0000000000000000
1111110111001000
1111110010100000
1110101010001000
0000000000000000
1111110010101000
1111110000010000
0000000000000003
1111110000100000
1110001100001000
0000000000000000
1111110111001000
1111110010100000
1110101010001000
0000000000000001
1110110000010000
0000000000000013
1110001100001000
0000000000000631
1110110000010000
0000000000000014
1110001100001000
0000000000000152
1110110000010000
0000000000000095
1110101010000111
0000000000000000
1111110010101000
1111110000010000
0000000000000005
1110001100001000
0000000000000003
1111110000100000
1111110000010000
0000000000000000
1111110111101000
1110110010100000
1110001100001000
0000000000000003
1111110111100000
1110110111100000
1111110000010000
0000000000000000
1111110111101000
1110110010100000
1110001100001000
0000000000000000
1111110010101000
1111110000010000
1110110010100000
1111000010001000
0000000000000000
1111110111001000
1111110010100000
1110111111001000
0000000000000000
1111110010101000
1111110000010000
1110110010100000
1111000010001000
0000000000000003
1111110111100000
1111110000010000
0000000000000000
1111110111101000
1110110010100000
1110001100001000
0000000000000003
1111110000100000
1111110000010000
0000000000000000
1111110111101000
1110110010100000
1110001100001000
0000000000000003
1111110111100000
1110110111100000
1111110000010000
0000000000000000
1111110111101000
1110110010100000
1110001100001000
0000000000000000
1111110010101000
1111110000010000
1110110010100000
1111000010001000
0000000000000004
1110110000010000
0000000000000000
1111110111101000
1110110010100000
1110001100001000
0000000000000000
1111110010101000
1111110000010000
1110110010100000
1111000010001000
0000000000000003
1111110111100000
1111110000010000
0000000000000000
1111110111101000
1110110010100000
1110001100001000
0000000000000003
1111110000010000
0000000000000003
1110000010100000
1111110000010000
0000000000000000
1111110111101000
1110110010100000
1110001100001000
0000000000000000
1111110010101000
1111110000010000
1110110010100000
1111000010001000
0000000000000004
1110110000010000
0000000000000013
1110001100001000
0000000000000687
1110110000010000
0000000000000014
1110001100001000
0000000000000153
1110110000010000
0000000000000095
1110101010000111
0000000000000000
1111110010101000
1111110000010000
0000000000000005
1110001100001000
0000000000000000
1111110111001000
1111110010100000
1110101010001000
0000000000000000
1111110010100000
1111110001001000
0000000000000001
1110110000010000
0000000000000013
1110001100001000
0000000000000631
1110110000010000
0000000000000014
1110001100001000
0000000000000154
1110110000010000
0000000000000095
1110101010000111
0000000000000000
1111110010101000
1111110000010000
0000000000000005
1110001100001000
0000000000000003
1111110000100000
1111110000010000
0000000000000000
1111110111101000
1110110010100000
1110001100001000
0000000000000003
1111110111100000
1111110000010000
0000000000000000
1111110111101000
1110110010100000
1110001100001000
0000000000000003
1111110000100000
1111110000010000
0000000000000000
1111110111101000
1110110010100000
1110001100001000
0000000000000003
1110110000010000
0000000000000000
1111110111101000
1110110010100000
1110001100001000
0000000000000000
1111110010101000
1111110000010000
1110110010100000
1111000010001000
0000000000000003
1111110111100000
1111110000010000
0000000000000000
1111110111101000
1110110010100000
1110001100001000
0000000000000003
1111110000010000
0000000000000003
1110000010100000
1111110000010000
0000000000000000
1111110111101000
1110110010100000
1110001100001000
0000000000000000
1111110010101000
1111110000010000
1110110010100000
1111000010001000
0000000000000004
1110110000010000
0000000000000013
1110001100001000
0000000000000687
1110110000010000
0000000000000014
1110001100001000
0000000000000155
1110110000010000
0000000000000095
1110101010000111
0000000000000000
1111110010101000
1111110000010000
0000000000000005
1110001100001000
0000000000000164
1110101010000111
0000000000000003
1111110000100000
1111110000010000
0000000000000000
1111110111101000
1110110010100000
1110001100001000
0000000000000004
1110110000010000
0000000000000000
1111110111101000
1110110010100000
1110001100001000
0000000000000000
1111110010101000
1111110000010000
1110110010100000
1111000010001000
0000000000000000
1111110010101000
1111110000010000
0000000000000003
1111110000100000
1110001100001000
0000000000000003
1111110000100000
1111110000010000
0000000000000000
1111110111101000
1110110010100000
1110001100001000
0000000000000003
1111110111100000
1110110111100000
1111110000010000
0000000000000000
1111110111101000
1110110010100000
1110001100001000
0000000000000000
1111110010101000
1111110000010000
1110110010100000
1111000010001000
0000000000000511
1110110000010000
0000000000000000
1111110111101000
1110110010100000
1110001100001000
0000000000000157
1110110000010000
0000000000000022
1110101010000111
0000000000000000
1111110010101000
1111110000010000
0000000000000158
1110001100000101
0000000000000159
1110101010000111
0000000000000511
1110110000010000
0000000000000000
1111110111101000
1110110010100000
1110001100001000
0000000000000003
1111110111100000
1110110111100000
1111110000010000
0000000000000000
1111110111101000
1110110010100000
1110001100001000
0000000000000000
1111110010101000
1111110000010000
1110110010100000
1111000111001000
0000000000000000
1111110010101000
1111110000010000
0000000000000003
1111110000100000
1110001100001000
0000000000000000
1111110111001000
1111110010100000
1110101010001000
0000000000000001
1110110000010000
0000000000000013
1110001100001000
0000000000000631
1110110000010000
0000000000000014
1110001100001000
0000000000000160
1110110000010000
0000000000000095
1110101010000111
0000000000000000
1111110010101000
1111110000010000
0000000000000005
1110001100001000
0000000000000003
1111110000100000
1111110000010000
0000000000000000
1111110111101000
1110110010100000
1110001100001000
0000000000000004
1110110000010000
0000000000000000
1111110111101000
1110110010100000
1110001100001000
0000000000000000
1111110010101000
1111110000010000
1110110010100000
1111000111001000
0000000000000003
1111110111100000
1111110000010000
0000000000000000
1111110111101000
1110110010100000
1110001100001000
0000000000000003
1111110000100000
1111110000010000
0000000000000000
1111110111101000
1110110010100000
1110001100001000
0000000000000000
1111110111001000
1111110010100000
1110111111001000
0000000000000000
1111110010101000
1111110000010000
1110110010100000
1111000111001000
0000000000000003
1111110111100000
1111110000010000
0000000000000000
1111110111101000
1110110010100000
1110001100001000
0000000000000003
1111110000010000
0000000000000003
1110000010100000
1111110000010000
0000000000000000
1111110111101000
1110110010100000
1110001100001000
0000000000000000
1111110010101000
1111110000010000
1110110010100000
1111000010001000
0000000000000004
1110110000010000
0000000000000013
1110001100001000
0000000000000687
1110110000010000
0000000000000014
1110001100001000
0000000000000161
1110110000010000
0000000000000095
1110101010000111
0000000000000000
1111110010101000
1111110000010000
0000000000000005
1110001100001000
0000000000000000
1111110111001000
1111110010100000
1110101010001000
0000000000000000
1111110010100000
1111110001001000
0000000000000001
1110110000010000
0000000000000013
1110001100001000
0000000000000631
1110110000010000
0000000000000014
1110001100001000
0000000000000162
1110110000010000
0000000000000095
1110101010000111
0000000000000000
1111110010101000
1111110000010000
0000000000000005
1110001100001000
0000000000000003
1111110000100000
1111110000010000
0000000000000000
1111110111101000
1110110010100000
1110001100001000
0000000000000003
1111110111100000
1110110111100000
1111110000010000
0000000000000000
1111110111101000
1110110010100000
1110001100001000
0000000000000000
1111110010101000
1111110000010000
1110110010100000
1111000010001000
0000000000000003
1110110000010000
0000000000000000
1111110111101000
1110110010100000
1110001100001000
0000000000000000
1111110010101000
1111110000010000
1110110010100000
1111000111001000
0000000000000003
1111110111100000
1111110000010000
0000000000000000
1111110111101000
1110110010100000
1110001100001000
0000000000000003
1111110000100000
1111110000010000
0000000000000000
1111110111101000
1110110010100000
1110001100001000
0000000000000003
1111110111100000
1110110111100000
1111110000010000
0000000000000000
1111110111101000
1110110010100000
1110001100001000
0000000000000000
1111110010101000
1111110000010000
1110110010100000
1111000010001000
0000000000000003
1111110111100000
1111110000010000
0000000000000000
1111110111101000
1110110010100000
1110001100001000
0000000000000003
1111110000010000
0000000000000003
1110000010100000
1111110000010000
0000000000000000
1111110111101000
1110110010100000
1110001100001000
0000000000000000
1111110010101000
1111110000010000
1110110010100000
1111000010001000
0000000000000004
1110110000010000
0000000000000013
1110001100001000
0000000000000687
1110110000010000
0000000000000014
1110001100001000
0000000000000163
1110110000010000
0000000000000095
1110101010000111
0000000000000000
1111110010101000
1111110000010000
0000000000000005
1110001100001000
0000000000000000
1111110111001000
1111110010100000
1110101010001000
0000000000000054
1110101010000111
0000000000000000
1111110111101000
1110110010100000
1110101010001000
0000000000000000
1110110000010000
0000000000000013
1110001100001000
0000000000000192
1110110000010000
0000000000000014
1110001100001000
0000000000000166
1110110000010000
0000000000000095
1110101010000111
0000000000000000
1111110010101000
1111110000010000
0000000000000005
1110001100001000
0000000000000000
1110110000010000
0000000000000013
1110001100001000
0000000000000194
1110110000010000
0000000000000014
1110001100001000
0000000000000167
1110110000010000
0000000000000095
1110101010000111
0000000000000000
1111110010101000
1111110000010000
0000000000000001
1111110000100000
1110001100001000
0000000000000001
1111110000100000
1111110000010000
0000000000000000
1111110111101000
1110110010100000
1110001100001000
0000000000000001
1110110000010000
0000000000000013
1110001100001000
0000000000000195
1110110000010000
0000000000000014
1110001100001000
0000000000000168
1110110000010000
0000000000000095
1110101010000111
0000000000000000
1111110010101000
1111110000010000
0000000000000005
1110001100001000
0000000000000001
1111110000100000
1111110000010000
0000000000000000
1111110111101000
1110110010100000
1110001100001000
0000000000000001
1110110000010000
0000000000000013
1110001100001000
0000000000000188
1110110000010000
0000000000000014
1110001100001000
0000000000000169
1110110000010000
0000000000000095
1110101010000111
0000000000000000
1111110010101000
1111110000010000
0000000000000005
1110001100001000
0000000000000000
1111110111001000
1111110010100000
1110101010001000
0000000000000054
1110101010000111
0000000000000007
1110110000010000
0000000000000000
1111110111101000
1110110010100000
1110001100001000
0000000000000001
1110110000010000
0000000000000013
1110001100001000
0000000000000394
1110110000010000
0000000000000014
1110001100001000
0000000000000171
1110110000010000
0000000000000095
1110101010000111
0000000000000000
1111110010101000
1111110000010000
0000000000000003
1110001100001000
0000000000000000
1110110000010000
0000000000000013
1110001100001000
0000000000000623
1110110000010000
0000000000000014
1110001100001000
0000000000000172
1110110000010000
0000000000000095
1110101010000111
0000000000000000
1111110010101000
1111110000010000
0000000000000005
1110001100001000
0000000000000050
1110110000010000
0000000000000000
1111110111101000
1110110010100000
1110001100001000
0000000000000000
1111110010101000
1111110000010000
0000000000000003
1111110111100000
1110110111100000
1110110111100000
1110110111100000
1110110111100000
1110110111100000
1110001100001000
0000000000000230
1110110000010000
0000000000000000
1111110111101000
1110110010100000
1110001100001000
0000000000000229
1110110000010000
0000000000000000
1111110111101000
1110110010100000
1110001100001000
0000000000000003
1111110000010000
0000000000000006
1110000010100000
1111110000010000
0000000000000000
1111110111101000
1110110010100000
1110001100001000
0000000000000007
1110110000010000
0000000000000000
1111110111101000
1110110010100000
1110001100001000
0000000000000004
1110110000010000
0000000000000013
1110001100001000
0000000000000127
1110110000010000
0000000000000014
1110001100001000
0000000000000173
1110110000010000
0000000000000095
1110101010000111
0000000000000000
1111110010101000
1111110000010000
0000000000000003
1111110000100000
1110001100001000
0000000000000253
1110110000010000
0000000000000000
1111110111101000
1110110010100000
1110001100001000
0000000000000222
1110110000010000
0000000000000000
1111110111101000
1110110010100000
1110001100001000
0000000000000000
1111110111001000
1111110010100000
1110101010001000
0000000000000511
1110110000010000
0000000000000000
1111110111101000
1110110010100000
1110001100001000
0000000000000000
1111110111001000
1111110010100000
1110101010001000
0000000000000229
1110110000010000
0000000000000000
1111110111101000
1110110010100000
1110001100001000
0000000000000006
1110110000010000
0000000000000013
1110001100001000
0000000000000020
1110110000010000
0000000000000014
1110001100001000
0000000000000174
1110110000010000
0000000000000095
1110101010000111
0000000000000000
1111110010101000
1111110000010000
0000000000000003
1111110111100000
1110001100001000
0000000000000003
1111110111100000
1111110000010000
0000000000000000
1111110111101000
1110110010100000
1110001100001000
0000000000000400
1110110000010000
0000000000000000
1111110111101000
1110110010100000
1110001100001000
0000000000000000
1111110111001000
1111110010100000
1110101010001000
0000000000000003
1110110000010000
0000000000000013
1110001100001000
0000000000000035
1110110000010000
0000000000000014
1110001100001000
0000000000000175
1110110000010000
0000000000000095
1110101010000111
0000000000000000
1111110010101000
1111110000010000
0000000000000005
1110001100001000
0000000000000000
1111110111001000
1111110010100000
1110101010001000
0000000000000238
1110110000010000
0000000000000000
1111110111101000
1110110010100000
1110001100001000
0000000000000511
1110110000010000
0000000000000000
1111110111101000
1110110010100000
1110001100001000
0000000000000240
1110110000010000
0000000000000000
1111110111101000
1110110010100000
1110001100001000
0000000000000004
1110110000010000
0000000000000013
1110001100001000
0000000000000687
1110110000010000
0000000000000014
1110001100001000
0000000000000176
1110110000010000
0000000000000095
1110101010000111
0000000000000000
1111110010101000
1111110000010000
0000000000000005
1110001100001000
0000000000000022
1110110000010000
0000000000000000
1111110111101000
1110110010100000
1110001100001000
0000000000000000
1111110111001000
1111110010100000
1110101010001000
0000000000000002
1110110000010000
0000000000000013
1110001100001000
0000000000000558
1110110000010000
0000000000000014
1110001100001000
0000000000000177
1110110000010000
0000000000000095
1110101010000111
0000000000000000
1111110010101000
1111110000010000
0000000000000005
1110001100001000
0000000000000008
1110110000010000
0000000000000000
1111110111101000
1110110010100000
1110001100001000
0000000000000001
1110110000010000
0000000000000013
1110001100001000
0000000000000777
1110110000010000
0000000000000014
1110001100001000
0000000000000178
1110110000010000
0000000000000095
1110101010000111
0000000000000083
1110110000010000
0000000000000000
1111110111101000
1110110010100000
1110001100001000
0000000000000002
1110110000010000
0000000000000013
1110001100001000
0000000000000808
1110110000010000
0000000000000014
1110001100001000
0000000000000179
1110110000010000
0000000000000095
1110101010000111
0000000000000099
1110110000010000
0000000000000000
1111110111101000
1110110010100000
1110001100001000
0000000000000002
1110110000010000
0000000000000013
1110001100001000
0000000000000808
1110110000010000
0000000000000014
1110001100001000
0000000000000180
1110110000010000
0000000000000095
1110101010000111
0000000000000111
1110110000010000
0000000000000000
1111110111101000
1110110010100000
1110001100001000
0000000000000002
1110110000010000
0000000000000013
1110001100001000
0000000000000808
1110110000010000
0000000000000014
1110001100001000
0000000000000181
1110110000010000
0000000000000095
1110101010000111
0000000000000114
1110110000010000
0000000000000000
1111110111101000
1110110010100000
1110001100001000
0000000000000002
1110110000010000
0000000000000013
1110001100001000
0000000000000808
1110110000010000
0000000000000014
1110001100001000
0000000000000182
1110110000010000
0000000000000095
1110101010000111
0000000000000101
1110110000010000
0000000000000000
1111110111101000
1110110010100000
1110001100001000
0000000000000002
1110110000010000
0000000000000013
1110001100001000
0000000000000808
1110110000010000
0000000000000014
1110001100001000
0000000000000183
1110110000010000
0000000000000095
1110101010000111
0000000000000058
1110110000010000
0000000000000000
1111110111101000
1110110010100000
1110001100001000
0000000000000002
1110110000010000
0000000000000013
1110001100001000
0000000000000808
1110110000010000
0000000000000014
1110001100001000
0000000000000184
1110110000010000
0000000000000095
1110101010000111
0000000000000032
1110110000010000
0000000000000000
1111110111101000
1110110010100000
1110001100001000
0000000000000002
1110110000010000
0000000000000013
1110001100001000
0000000000000808
1110110000010000
0000000000000014
1110001100001000
0000000000000185
1110110000010000
0000000000000095
1110101010000111
0000000000000048
1110110000010000
0000000000000000
1111110111101000
1110110010100000
1110001100001000
0000000000000002
1110110000010000
0000000000000013
1110001100001000
0000000000000808